<?xml version="1.0" encoding="UTF-8"?>
<!-- Generated by org.testng.reporters.JUnitXMLReporter -->
<testsuite ignored="0" hostname="DESKTOP-89KG4PA" failures="0" tests="4" name="Default test" time="40.887" errors="0" timestamp="2025-03-14T10:58:08 IST">
  <testcase classname="ecommerce.Admin2.updateProducts" name="DeleteProduct" time="4.68"/>
  <testcase classname="ecommerce.Admin2.updateProducts" name="SubCatDropdown" time="1.136"/>
  <testcase classname="ecommerce.Admin2.updateProducts" name="UpdateAndDelete" time="2.586"/>
  <testcase classname="ecommerce.Admin2.updateProducts" name="UpdateProducts" time="23.95"/>
</testsuite> <!-- Default test -->
