<?xml version="1.0" encoding="UTF-8"?>
<!-- Generated by org.testng.reporters.JUnitXMLReporter -->
<testsuite ignored="0" hostname="DESKTOP-89KG4PA" failures="0" tests="4" name="Default test" time="51.817" errors="0" timestamp="2025-03-13T17:33:29 IST">
  <testcase classname="ecommerce.Admin2.updateProducts" name="DeleteProduct" time="7.182"/>
  <testcase classname="ecommerce.Admin2.updateProducts" name="SubCatDropdown" time="1.126"/>
  <testcase classname="ecommerce.Admin2.updateProducts" name="UpdateAndDelete" time="3.866"/>
  <testcase classname="ecommerce.Admin2.updateProducts" name="UpdateProducts" time="25.52"/>
</testsuite> <!-- Default test -->
