<?xml version="1.0" encoding="UTF-8"?>
<!-- Generated by org.testng.reporters.JUnitXMLReporter -->
<testsuite ignored="3" hostname="DESKTOP-89KG4PA" failures="0" tests="1" name="Test" time="10.864" errors="0" timestamp="2025-03-13T15:18:49 IST">
  <testcase classname="ecommerce.Admin1.category" name="InsertProductSelectOneDropdown" time="4.057"/>
  <testcase classname="ecommerce.Admin1.category" name="InsertProdDetails" time="0.0">
    <ignored/>
  </testcase> <!-- InsertProdDetails -->
  <testcase classname="ecommerce.Admin1.category" name="Subcategory" time="0.0">
    <ignored/>
  </testcase> <!-- Subcategory -->
  <testcase classname="ecommerce.Admin1.category" name="Category" time="0.0">
    <ignored/>
  </testcase> <!-- Category -->
</testsuite> <!-- Test -->
