<?xml version="1.0" encoding="UTF-8"?>
<testng-results ignored="0" total="4" passed="4" failed="0" skipped="0">
  <reporter-output>
  </reporter-output>
  <suite started-at="2025-03-14T10:57:27 IST" name="Default suite" finished-at="2025-03-14T10:58:08 IST" duration-ms="40887">
    <groups>
      <group name="regressionTest">
        <method signature="updateProducts.DeleteProduct()[pri:0, instance:ecommerce.Admin2.updateProducts@70325e14]" name="DeleteProduct" class="ecommerce.Admin2.updateProducts"/>
        <method signature="updateProducts.UpdateAndDelete()[pri:0, instance:ecommerce.Admin2.updateProducts@70325e14]" name="UpdateAndDelete" class="ecommerce.Admin2.updateProducts"/>
        <method signature="updateProducts.UpdateProducts()[pri:0, instance:ecommerce.Admin2.updateProducts@70325e14]" name="UpdateProducts" class="ecommerce.Admin2.updateProducts"/>
      </group> <!-- regressionTest -->
      <group name="smokeTest">
        <method signature="updateProducts.DeleteProduct()[pri:0, instance:ecommerce.Admin2.updateProducts@70325e14]" name="DeleteProduct" class="ecommerce.Admin2.updateProducts"/>
        <method signature="updateProducts.UpdateAndDelete()[pri:0, instance:ecommerce.Admin2.updateProducts@70325e14]" name="UpdateAndDelete" class="ecommerce.Admin2.updateProducts"/>
        <method signature="updateProducts.UpdateProducts()[pri:0, instance:ecommerce.Admin2.updateProducts@70325e14]" name="UpdateProducts" class="ecommerce.Admin2.updateProducts"/>
      </group> <!-- smokeTest -->
    </groups>
    <test started-at="2025-03-14T10:57:27 IST" name="Default test" finished-at="2025-03-14T10:58:08 IST" duration-ms="40887">
      <class name="ecommerce.Admin2.updateProducts">
        <test-method is-config="true" signature="configBS()[pri:0, instance:ecommerce.Admin2.updateProducts@70325e14]" started-at="2025-03-14T10:57:27 IST" name="configBS" finished-at="2025-03-14T10:57:27 IST" duration-ms="47" status="PASS">
          <reporter-output>
          </reporter-output>
        </test-method> <!-- configBS -->
        <test-method is-config="true" signature="configBC()[pri:0, instance:ecommerce.Admin2.updateProducts@70325e14]" started-at="2025-03-14T10:57:27 IST" name="configBC" finished-at="2025-03-14T10:57:29 IST" duration-ms="1856" status="PASS">
          <reporter-output>
          </reporter-output>
        </test-method> <!-- configBC -->
        <test-method is-config="true" signature="configBM()[pri:0, instance:ecommerce.Admin2.updateProducts@70325e14]" started-at="2025-03-14T10:57:29 IST" name="configBM" finished-at="2025-03-14T10:57:32 IST" duration-ms="2606" status="PASS">
          <reporter-output>
          </reporter-output>
        </test-method> <!-- configBM -->
        <test-method signature="DeleteProduct()[pri:0, instance:ecommerce.Admin2.updateProducts@70325e14]" started-at="2025-03-14T10:57:32 IST" name="DeleteProduct" finished-at="2025-03-14T10:57:36 IST" duration-ms="4680" status="PASS">
          <reporter-output>
          </reporter-output>
        </test-method> <!-- DeleteProduct -->
        <test-method is-config="true" signature="configAM()[pri:0, instance:ecommerce.Admin2.updateProducts@70325e14]" started-at="2025-03-14T10:57:36 IST" name="configAM" finished-at="2025-03-14T10:57:36 IST" duration-ms="235" status="PASS">
          <reporter-output>
          </reporter-output>
        </test-method> <!-- configAM -->
        <test-method is-config="true" signature="configBM()[pri:0, instance:ecommerce.Admin2.updateProducts@70325e14]" started-at="2025-03-14T10:57:36 IST" name="configBM" finished-at="2025-03-14T10:57:37 IST" duration-ms="1034" status="PASS">
          <reporter-output>
          </reporter-output>
        </test-method> <!-- configBM -->
        <test-method signature="SubCatDropdown()[pri:0, instance:ecommerce.Admin2.updateProducts@70325e14]" started-at="2025-03-14T10:57:37 IST" name="SubCatDropdown" finished-at="2025-03-14T10:57:39 IST" duration-ms="1136" status="PASS">
          <reporter-output>
          </reporter-output>
        </test-method> <!-- SubCatDropdown -->
        <test-method is-config="true" signature="configAM()[pri:0, instance:ecommerce.Admin2.updateProducts@70325e14]" started-at="2025-03-14T10:57:39 IST" name="configAM" finished-at="2025-03-14T10:57:39 IST" duration-ms="197" status="PASS">
          <reporter-output>
          </reporter-output>
        </test-method> <!-- configAM -->
        <test-method is-config="true" signature="configBM()[pri:0, instance:ecommerce.Admin2.updateProducts@70325e14]" started-at="2025-03-14T10:57:39 IST" name="configBM" finished-at="2025-03-14T10:57:40 IST" duration-ms="805" status="PASS">
          <reporter-output>
          </reporter-output>
        </test-method> <!-- configBM -->
        <test-method signature="UpdateAndDelete()[pri:0, instance:ecommerce.Admin2.updateProducts@70325e14]" started-at="2025-03-14T10:57:40 IST" name="UpdateAndDelete" finished-at="2025-03-14T10:57:42 IST" duration-ms="2586" status="PASS">
          <reporter-output>
          </reporter-output>
        </test-method> <!-- UpdateAndDelete -->
        <test-method is-config="true" signature="configAM()[pri:0, instance:ecommerce.Admin2.updateProducts@70325e14]" started-at="2025-03-14T10:57:42 IST" name="configAM" finished-at="2025-03-14T10:57:42 IST" duration-ms="243" status="PASS">
          <reporter-output>
          </reporter-output>
        </test-method> <!-- configAM -->
        <test-method is-config="true" signature="configBM()[pri:0, instance:ecommerce.Admin2.updateProducts@70325e14]" started-at="2025-03-14T10:57:42 IST" name="configBM" finished-at="2025-03-14T10:57:43 IST" duration-ms="877" status="PASS">
          <reporter-output>
          </reporter-output>
        </test-method> <!-- configBM -->
        <test-method signature="UpdateProducts()[pri:0, instance:ecommerce.Admin2.updateProducts@70325e14]" started-at="2025-03-14T10:57:43 IST" name="UpdateProducts" finished-at="2025-03-14T10:58:07 IST" duration-ms="23950" status="PASS">
          <reporter-output>
          </reporter-output>
        </test-method> <!-- UpdateProducts -->
        <test-method is-config="true" signature="configAM()[pri:0, instance:ecommerce.Admin2.updateProducts@70325e14]" started-at="2025-03-14T10:58:07 IST" name="configAM" finished-at="2025-03-14T10:58:08 IST" duration-ms="280" status="PASS">
          <reporter-output>
          </reporter-output>
        </test-method> <!-- configAM -->
        <test-method is-config="true" signature="configAC()[pri:0, instance:ecommerce.Admin2.updateProducts@70325e14]" started-at="2025-03-14T10:58:08 IST" name="configAC" finished-at="2025-03-14T10:58:08 IST" duration-ms="315" status="PASS">
          <reporter-output>
          </reporter-output>
        </test-method> <!-- configAC -->
        <test-method is-config="true" signature="configAS()[pri:0, instance:ecommerce.Admin2.updateProducts@70325e14]" started-at="2025-03-14T10:58:08 IST" name="configAS" finished-at="2025-03-14T10:58:08 IST" duration-ms="1" status="PASS">
          <reporter-output>
          </reporter-output>
        </test-method> <!-- configAS -->
      </class> <!-- ecommerce.Admin2.updateProducts -->
    </test> <!-- Default test -->
  </suite> <!-- Default suite -->
</testng-results>
